<?xml version="1.0" encoding="UTF-8"?>
<testsuite name="org.hyperskill.ordersmenu.Stage3UnitTest" tests="6" skipped="0" failures="0" errors="0" timestamp="2025-02-10T21:16:54" hostname="VITALIY-DESKTOP" time="0.794">
  <properties/>
  <testcase name="test00_checkFettuccineAmountIncreases" classname="org.hyperskill.ordersmenu.Stage3UnitTest" time="0.178"/>
  <testcase name="test01_checkFettuccineAmountIncreasesUpToLimitOnly" classname="org.hyperskill.ordersmenu.Stage3UnitTest" time="0.151"/>
  <testcase name="test02_checkFettuccineWhenOnMaxLimitColorIsRed" classname="org.hyperskill.ordersmenu.Stage3UnitTest" time="0.101"/>
  <testcase name="test03_checkAmountDecrease" classname="org.hyperskill.ordersmenu.Stage3UnitTest" time="0.125"/>
  <testcase name="test04_checkAmountDecreaseDoesNotGoBellowZero" classname="org.hyperskill.ordersmenu.Stage3UnitTest" time="0.139"/>
  <testcase name="test05_whileColorIsRedCheckColorChangesBackToBlackAfterDecrement" classname="org.hyperskill.ordersmenu.Stage3UnitTest" time="0.1"/>
  <system-out><![CDATA[]]></system-out>
  <system-err><![CDATA[]]></system-err>
</testsuite>
