<?xml version="1.0" encoding="UTF-8"?>
<testsuite name="org.hyperskill.ordersmenu.Stage2UnitTest" tests="4" skipped="0" failures="0" errors="0" timestamp="2025-02-10T21:16:54" hostname="VITALIY-DESKTOP" time="0.4">
  <properties/>
  <testcase name="test00_checkTitle" classname="org.hyperskill.ordersmenu.Stage2UnitTest" time="0.116"/>
  <testcase name="test01_checkFettuccine" classname="org.hyperskill.ordersmenu.Stage2UnitTest" time="0.097"/>
  <testcase name="test02_checkTitleIsAboveFettuccine" classname="org.hyperskill.ordersmenu.Stage2UnitTest" time="0.078"/>
  <testcase name="test03_checkOverlap" classname="org.hyperskill.ordersmenu.Stage2UnitTest" time="0.108"/>
  <system-out><![CDATA[]]></system-out>
  <system-err><![CDATA[]]></system-err>
</testsuite>
