<?xml version="1.0" encoding="UTF-8"?>
<testsuite name="org.hyperskill.ordersmenu.Stage1UnitTest" tests="1" skipped="0" failures="0" errors="0" timestamp="2025-02-10T21:16:50" hostname="VITALIY-DESKTOP" time="3.711">
  <properties/>
  <testcase name="checkTitle" classname="org.hyperskill.ordersmenu.Stage1UnitTest" time="3.711"/>
  <system-out><![CDATA[]]></system-out>
  <system-err><![CDATA[]]></system-err>
</testsuite>
